Running: fuse.exe -relaunch -intstyle "ise" -incremental -o "C:/hlocal/MIPScomoME/mips_simu_isim_beh.exe" -prj "C:/hlocal/MIPScomoME/mips_simu_beh.prj" "work.mips_simu" 
ISim P.15xf (signature 0xc3576ebc)
Number of CPUs detected in this system: 8
Turning on mult-threading, number of parallel sub-compilation jobs: 16 
Determining compilation order of HDL files
Parsing VHDL file "C:/hlocal/MIPScomoME/tipos.vhd" into library work
Parsing VHDL file "C:/hlocal/MIPScomoME/MemoriaDeInstrucciones.vhd" into library work
Parsing VHDL file "C:/hlocal/MIPScomoME/MemoriaDeDatos.vhd" into library work
Parsing VHDL file "C:/hlocal/MIPScomoME/ExtensorSigno.vhd" into library work
Parsing VHDL file "C:/hlocal/MIPScomoME/ControlBranch.vhd" into library work
Parsing VHDL file "C:/hlocal/MIPScomoME/control.vhd" into library work
Parsing VHDL file "C:/hlocal/MIPScomoME/BancoDeRegistros.vhd" into library work
Parsing VHDL file "C:/hlocal/MIPScomoME/AluControl.vhd" into library work
Parsing VHDL file "C:/hlocal/MIPScomoME/ALU.vhd" into library work
Parsing VHDL file "C:/hlocal/MIPScomoME/mips.vhd" into library work
Parsing VHDL file "C:/hlocal/MIPScomoME/mips_simu.vhd" into library work
Starting static elaboration
Completed static elaboration
Compiling package standard
Compiling package std_logic_1164
Compiling package tipos
Compiling package std_logic_arith
Compiling package std_logic_unsigned
Compiling package textio
Compiling package std_logic_signed
Compiling architecture behavioral of entity MemoriaDeInstrucciones [memoriadeinstrucciones_default]
Compiling architecture behavioral of entity MemoriaDeDatos [memoriadedatos_default]
Compiling architecture behavioral of entity BancoDeRegistros [bancoderegistros_default]
Compiling architecture behavioral of entity ControlBranch [controlbranch_default]
Compiling architecture behavioral of entity AluControl [alucontrol_default]
Compiling architecture behavioral of entity control [control_default]
Compiling architecture behavioral of entity alu8bit [alu8bit_default]
Compiling architecture behavioral of entity ExtensorSigno [extensorsigno_default]
Compiling architecture behavioral of entity mips [mips_default]
Compiling architecture behavior of entity mips_simu
Time Resolution for simulation is 1ps.
Waiting for 1 sub-compilation(s) to finish...
Compiled 26 VHDL Units
Built simulation executable C:/hlocal/MIPScomoME/mips_simu_isim_beh.exe
Fuse Memory Usage: 35128 KB
Fuse CPU Usage: 483 ms
