Release 14.1 - xst P.15xf (nt64)
Copyright (c) 1995-2012 Xilinx, Inc.  All rights reserved.
--> Parameter TMPDIR set to xst/projnav.tmp


Total REAL time to Xst completion: 0.00 secs
Total CPU time to Xst completion: 0.06 secs
 
--> Parameter xsthdpdir set to xst


Total REAL time to Xst completion: 0.00 secs
Total CPU time to Xst completion: 0.06 secs
 
--> Reading design: MIPSX.prj

TABLE OF CONTENTS
  1) Synthesis Options Summary
  2) HDL Compilation
  3) Design Hierarchy Analysis
  4) HDL Analysis
  5) HDL Synthesis
     5.1) HDL Synthesis Report
  6) Advanced HDL Synthesis
     6.1) Advanced HDL Synthesis Report
  7) Low Level Synthesis
  8) Partition Report
  9) Final Report
	9.1) Device utilization summary
	9.2) Partition Resource Summary
	9.3) TIMING REPORT


=========================================================================
*                      Synthesis Options Summary                        *
=========================================================================
---- Source Parameters
Input File Name                    : "MIPSX.prj"
Input Format                       : mixed
Ignore Synthesis Constraint File   : NO

---- Target Parameters
Output File Name                   : "MIPSX"
Output Format                      : NGC
Target Device                      : xc3s1000-5-ft256

---- Source Options
Top Module Name                    : MIPSX
Automatic FSM Extraction           : YES
FSM Encoding Algorithm             : Auto
Safe Implementation                : No
FSM Style                          : LUT
RAM Extraction                     : Yes
RAM Style                          : Auto
ROM Extraction                     : Yes
Mux Style                          : Auto
Decoder Extraction                 : YES
Priority Encoder Extraction        : Yes
Shift Register Extraction          : YES
Logical Shifter Extraction         : YES
XOR Collapsing                     : YES
ROM Style                          : Auto
Mux Extraction                     : Yes
Resource Sharing                   : YES
Asynchronous To Synchronous        : NO
Multiplier Style                   : Auto
Automatic Register Balancing       : No

---- Target Options
Add IO Buffers                     : YES
Global Maximum Fanout              : 100000
Add Generic Clock Buffer(BUFG)     : 8
Register Duplication               : YES
Slice Packing                      : YES
Optimize Instantiated Primitives   : NO
Use Clock Enable                   : Yes
Use Synchronous Set                : Yes
Use Synchronous Reset              : Yes
Pack IO Registers into IOBs        : Auto
Equivalent register Removal        : YES

---- General Options
Optimization Goal                  : Speed
Optimization Effort                : 1
Keep Hierarchy                     : No
Netlist Hierarchy                  : As_Optimized
RTL Output                         : Yes
Global Optimization                : AllClockNets
Read Cores                         : YES
Write Timing Constraints           : NO
Cross Clock Analysis               : NO
Hierarchy Separator                : /
Bus Delimiter                      : <>
Case Specifier                     : Maintain
Slice Utilization Ratio            : 100
BRAM Utilization Ratio             : 100
Verilog 2001                       : YES
Auto BRAM Packing                  : NO
Slice Utilization Ratio Delta      : 5

=========================================================================


=========================================================================
*                          HDL Compilation                              *
=========================================================================
Compiling vhdl file "C:/hlocal/hoy/tipos.vhd" in Library work.
Architecture tipos of Entity tipos is up to date.
Compiling vhdl file "C:/hlocal/hoy/MIPSX.vhd" in Library work.
Entity <mipsx> compiled.
Entity <mipsx> (Architecture <behavioral>) compiled.

=========================================================================
*                     Design Hierarchy Analysis                         *
=========================================================================
Analyzing hierarchy for entity <MIPSX> in library <work> (architecture <behavioral>).


=========================================================================
*                            HDL Analysis                               *
=========================================================================
Analyzing Entity <MIPSX> in library <work> (Architecture <behavioral>).
Entity <MIPSX> analyzed. Unit <MIPSX> generated.


=========================================================================
*                           HDL Synthesis                               *
=========================================================================

Performing bidirectional port resolution...

Synthesizing Unit <MIPSX>.
    Related source file is "C:/hlocal/hoy/MIPSX.vhd".
    Found finite state machine <FSM_0> for signal <Estado>.
    -----------------------------------------------------------------------
    | States             | 5                                              |
    | Transitions        | 5                                              |
    | Inputs             | 0                                              |
    | Outputs            | 5                                              |
    | Clock              | clk                       (rising_edge)        |
    | Reset              | reset                     (positive)           |
    | Reset type         | asynchronous                                   |
    | Reset State        | f                                              |
    | Power Up State     | f                                              |
    | Encoding           | automatic                                      |
    | Implementation     | LUT                                            |
    -----------------------------------------------------------------------
    Found 32-bit register for signal <PC>.
    Summary:
	inferred   1 Finite State Machine(s).
	inferred  32 D-type flip-flop(s).
Unit <MIPSX> synthesized.


=========================================================================
HDL Synthesis Report

Macro Statistics
# Registers                                            : 1
 32-bit register                                       : 1

=========================================================================

=========================================================================
*                       Advanced HDL Synthesis                          *
=========================================================================

Analyzing FSM <FSM_0> for best encoding.
Optimizing FSM <Estado/FSM> on signal <Estado[1:3]> with gray encoding.
-------------------
 State | Encoding
-------------------
 f     | 000
 id    | 001
 ex    | 011
 mem   | 010
 wb    | 110
-------------------

=========================================================================
Advanced HDL Synthesis Report

Macro Statistics
# FSMs                                                 : 1
# Registers                                            : 32
 Flip-Flops                                            : 32

=========================================================================

=========================================================================
*                         Low Level Synthesis                           *
=========================================================================
INFO:Xst:2261 - The FF/Latch <PC_2> in Unit <MIPSX> is equivalent to the following 28 FFs/Latches, which will be removed : <PC_4> <PC_5> <PC_6> <PC_7> <PC_8> <PC_9> <PC_10> <PC_11> <PC_12> <PC_13> <PC_14> <PC_15> <PC_16> <PC_17> <PC_18> <PC_19> <PC_20> <PC_21> <PC_22> <PC_23> <PC_24> <PC_25> <PC_26> <PC_27> <PC_28> <PC_29> <PC_30> <PC_31> 
INFO:Xst:2261 - The FF/Latch <PC_1> in Unit <MIPSX> is equivalent to the following FF/Latch, which will be removed : <PC_3> 

Optimizing unit <MIPSX> ...

Mapping all equations...
Building and optimizing final netlist ...
Found area constraint ratio of 100 (+ 5) on block MIPSX, actual ratio is 0.

Final Macro Processing ...

=========================================================================
Final Register Report

Macro Statistics
# Registers                                            : 6
 Flip-Flops                                            : 6

=========================================================================

=========================================================================
*                           Partition Report                            *
=========================================================================

Partition Implementation Status
-------------------------------

  No Partitions were found in this design.

-------------------------------

=========================================================================
*                            Final Report                               *
=========================================================================
Final Results
RTL Top Level Output File Name     : MIPSX.ngr
Top Level Output File Name         : MIPSX
Output Format                      : NGC
Optimization Goal                  : Speed
Keep Hierarchy                     : No

Design Statistics
# IOs                              : 34

Cell Usage :
# BELS                             : 5
#      INV                         : 1
#      LUT2                        : 2
#      LUT3                        : 2
# FlipFlops/Latches                : 6
#      FDC                         : 3
#      FDE                         : 3
# Clock Buffers                    : 1
#      BUFGP                       : 1
# IO Buffers                       : 33
#      IBUF                        : 1
#      OBUF                        : 32
=========================================================================

Device utilization summary:
---------------------------

Selected Device : 3s1000ft256-5 

 Number of Slices:                        3  out of   7680     0%  
 Number of Slice Flip Flops:              6  out of  15360     0%  
 Number of 4 input LUTs:                  5  out of  15360     0%  
 Number of IOs:                          34
 Number of bonded IOBs:                  34  out of    173    19%  
 Number of GCLKs:                         1  out of      8    12%  

---------------------------
Partition Resource Summary:
---------------------------

  No Partitions were found in this design.

---------------------------


=========================================================================
TIMING REPORT

NOTE: THESE TIMING NUMBERS ARE ONLY A SYNTHESIS ESTIMATE.
      FOR ACCURATE TIMING INFORMATION PLEASE REFER TO THE TRACE REPORT
      GENERATED AFTER PLACE-and-ROUTE.

Clock Information:
------------------
-----------------------------------+------------------------+-------+
Clock Signal                       | Clock buffer(FF name)  | Load  |
-----------------------------------+------------------------+-------+
clk                                | BUFGP                  | 6     |
-----------------------------------+------------------------+-------+

Asynchronous Control Signals Information:
----------------------------------------
-----------------------------------+------------------------+-------+
Control Signal                     | Buffer(FF name)        | Load  |
-----------------------------------+------------------------+-------+
reset                              | IBUF                   | 3     |
-----------------------------------+------------------------+-------+

Timing Summary:
---------------
Speed Grade: -5

   Minimum period: 3.349ns (Maximum Frequency: 298.561MHz)
   Minimum input arrival time before clock: 3.563ns
   Maximum output required time after clock: 7.096ns
   Maximum combinational path delay: No path found

Timing Detail:
--------------
All values displayed in nanoseconds (ns)

=========================================================================
Timing constraint: Default period analysis for Clock 'clk'
  Clock period: 3.349ns (frequency: 298.561MHz)
  Total number of paths / destination ports: 14 / 9
-------------------------------------------------------------------------
Delay:               3.349ns (Levels of Logic = 1)
  Source:            Estado_FSM_FFd3 (FF)
  Destination:       PC_0 (FF)
  Source Clock:      clk rising
  Destination Clock: clk rising

  Data Path: Estado_FSM_FFd3 to PC_0
                                Gate     Net
    Cell:in->out      fanout   Delay   Delay  Logical Name (Net Name)
    ----------------------------------------  ------------
     FDC:C->Q              4   0.626   0.949  Estado_FSM_FFd3 (Estado_FSM_FFd3)
     LUT2:I1->O            3   0.479   0.771  PC_and00001 (PC_and0000)
     FDE:CE                    0.524          PC_0
    ----------------------------------------
    Total                      3.349ns (1.629ns logic, 1.720ns route)
                                       (48.6% logic, 51.4% route)

=========================================================================
Timing constraint: Default OFFSET IN BEFORE for Clock 'clk'
  Total number of paths / destination ports: 3 / 3
-------------------------------------------------------------------------
Offset:              3.563ns (Levels of Logic = 2)
  Source:            reset (PAD)
  Destination:       PC_0 (FF)
  Destination Clock: clk rising

  Data Path: reset to PC_0
                                Gate     Net
    Cell:in->out      fanout   Delay   Delay  Logical Name (Net Name)
    ----------------------------------------  ------------
     IBUF:I->O             4   0.715   1.074  reset_IBUF (reset_IBUF)
     LUT2:I0->O            3   0.479   0.771  PC_and00001 (PC_and0000)
     FDE:CE                    0.524          PC_0
    ----------------------------------------
    Total                      3.563ns (1.718ns logic, 1.845ns route)
                                       (48.2% logic, 51.8% route)

=========================================================================
Timing constraint: Default OFFSET OUT AFTER for Clock 'clk'
  Total number of paths / destination ports: 32 / 32
-------------------------------------------------------------------------
Offset:              7.096ns (Levels of Logic = 1)
  Source:            PC_2 (FF)
  Destination:       sal<31> (PAD)
  Source Clock:      clk rising

  Data Path: PC_2 to sal<31>
                                Gate     Net
    Cell:in->out      fanout   Delay   Delay  Logical Name (Net Name)
    ----------------------------------------  ------------
     FDE:C->Q             29   0.626   1.561  PC_2 (PC_2)
     OBUF:I->O                 4.909          sal_31_OBUF (sal<31>)
    ----------------------------------------
    Total                      7.096ns (5.535ns logic, 1.561ns route)
                                       (78.0% logic, 22.0% route)

=========================================================================


Total REAL time to Xst completion: 4.00 secs
Total CPU time to Xst completion: 3.81 secs
 
--> 

Total memory usage is 253696 kilobytes

Number of errors   :    0 (   0 filtered)
Number of warnings :    0 (   0 filtered)
Number of infos    :    2 (   0 filtered)

