Command line:
   mips_simu_isim_beh.exe
     -simmode  gui
     -simrunnum  0
     -socket  1204

Tue Jan 15 14:31:55 2013


 Elaboration Time: 0.0312 sec

 Current Memory Usage: 829.174 Meg

 Total Signals          : 119
 Total Nets             : 3808
 Total Signal Drivers   : 61
 Total Blocks           : 16
 Total Primitive Blocks : 14
 Total Processes        : 32
 Total Traceable Variables  : 37
 Total Scalar Nets and Variables : 7515
Total Line Count : 372

 Total Simulation Time: 0.078 sec

 Current Memory Usage: 1143.75 Meg

Tue Jan 15 14:32:45 2013

